<?xml version="1.0" encoding="UTF-8"?>
<!-- Generated by org.testng.reporters.JUnitXMLReporter -->
<testsuite ignored="0" hostname="Otkurs-MacBook-Pro.local" failures="1" tests="1" name="Surefire test" time="5.107" errors="0" timestamp="2024-02-27T14:48:55 EST">
  <testcase classname="jenkins.base.BaseClass" name="@AfterMethod tearDown" time="0.015">
    <failure type="java.lang.NullPointerException" message="Cannot invoke &amp;quot;org.openqa.selenium.WebDriver.close()&amp;quot; because &amp;quot;jenkins.base.BaseClass.driver&amp;quot; is null">
      <![CDATA[java.lang.NullPointerException: Cannot invoke "org.openqa.selenium.WebDriver.close()" because "jenkins.base.BaseClass.driver" is null
at jenkins.base.BaseClass.tearDown(BaseClass.java:112)
at java.base/java.util.ArrayList.forEach(ArrayList.java:1511)
... Removed 37 stack frames]]>
    </failure>
  </testcase> <!-- @AfterMethod tearDown -->
  <testcase classname="jenkins.base.BaseClass" name="@AfterClass endReport" time="-1.709063335124E9">
    <skipped/>
  </testcase> <!-- @AfterClass endReport -->
  <testcase classname="jenkins.tests.SearchTest" name="searchResultTest" time="0.005">
    <failure type="java.lang.NullPointerException" message="Cannot invoke &amp;quot;org.openqa.selenium.WebDriver.get(String)&amp;quot; because &amp;quot;jenkins.pages.SearchPage.driver&amp;quot; is null">
      <![CDATA[java.lang.NullPointerException: Cannot invoke "org.openqa.selenium.WebDriver.get(String)" because "jenkins.pages.SearchPage.driver" is null
at jenkins.pages.SearchPage.homepage(SearchPage.java:16)
at jenkins.tests.SearchTest.searchResultTest(SearchTest.java:23)
at java.base/java.util.ArrayList.forEach(ArrayList.java:1511)
... Removed 32 stack frames]]>
    </failure>
  </testcase> <!-- searchResultTest -->
</testsuite> <!-- Surefire test -->
