<?xml version="1.0" encoding="UTF-8"?>
<testsuite xmlns:xsi="http://www.w3.org/2001/XMLSchema-instance" xsi:noNamespaceSchemaLocation="https://maven.apache.org/surefire/maven-surefire-plugin/xsd/surefire-test-report-3.0.xsd" version="3.0" name="jenkins.tests.SearchTest" time="5.563" tests="3" errors="0" skipped="1" failures="2">
  <properties>
[...]
</properties>
  <testcase name="searchResultTest" classname="jenkins.tests.SearchTest" time="0.008">
    <failure message="Cannot invoke &quot;org.openqa.selenium.WebDriver.get(String)&quot; because &quot;jenkins.pages.SearchPage.driver&quot; is null" type="java.lang.NullPointerException"><![CDATA[java.lang.NullPointerException: Cannot invoke "org.openqa.selenium.WebDriver.get(String)" because "jenkins.pages.SearchPage.driver" is null
	at jenkins.tests.SearchTest.searchResultTest(SearchTest.java:23)
]]></failure>
    <system-out><![CDATA[org.openqa.selenium.SessionNotCreatedException: session not created: This version of ChromeDriver only supports Chrome version 114
Current browser version is 122.0.6261.69 with binary path /Applications/Google Chrome.app/Contents/MacOS/Google Chrome
Build info: version: '4.0.0-alpha-3', revision: '8c567de6dc'
System info: host: 'Otkurs-MacBook-Pro.local', ip: '2600:8806:603:700:4d81:332c:1bc9:e4cc%en0', os.name: 'Mac OS X', os.arch: 'x86_64', os.version: '11.7.10', java.version: '15.0.2'
Driver info: driver.version: ChromeDriver
remote stacktrace: 0   chromedriver                        0x00000001099e96b8 chromedriver + 4937400
1   chromedriver                        0x00000001099e0b73 chromedriver + 4901747
2   chromedriver                        0x000000010959e616 chromedriver + 435734
3   chromedriver                        0x00000001095d0d10 chromedriver + 642320
4   chromedriver                        0x00000001095cc18a chromedriver + 622986
5   chromedriver                        0x00000001095c867c chromedriver + 607868
6   chromedriver                        0x000000010960fa08 chromedriver + 899592
7   chromedriver                        0x000000010960eebf chromedriver + 896703
8   chromedriver                        0x0000000109605de3 chromedriver + 859619
9   chromedriver                        0x00000001095d3d7f chromedriver + 654719
10  chromedriver                        0x00000001095d50de chromedriver + 659678
11  chromedriver                        0x00000001099a52ad chromedriver + 4657837
12  chromedriver                        0x00000001099aa130 chromedriver + 4677936
13  chromedriver                        0x00000001099b0def chromedriver + 4705775
14  chromedriver                        0x00000001099ab05a chromedriver + 4681818
15  chromedriver                        0x000000010997d92c chromedriver + 4495660
16  chromedriver                        0x00000001099c8838 chromedriver + 4802616
17  chromedriver                        0x00000001099c89b7 chromedriver + 4802999
18  chromedriver                        0x00000001099d999f chromedriver + 4872607
19  libsystem_pthread.dylib             0x00007fff203e08fc _pthread_start + 224
20  libsystem_pthread.dylib             0x00007fff203dc443 thread_start + 15

]]></system-out>
    <system-err><![CDATA[Starting ChromeDriver 114.0.5735.90 (386bc09e8f4f2e025eddae123f36f6263096ae49-refs/branch-heads/5735@{#1052}) on port 9990
Only local connections are allowed.
Please see https://chromedriver.chromium.org/security-considerations for suggestions on keeping ChromeDriver safe.
ChromeDriver was started successfully.
]]></system-err>
  </testcase>
  <testcase name="tearDown" classname="jenkins.tests.SearchTest" time="0.022">
    <failure message="Cannot invoke &quot;org.openqa.selenium.WebDriver.close()&quot; because &quot;jenkins.base.BaseClass.driver&quot; is null" type="java.lang.NullPointerException"><![CDATA[java.lang.NullPointerException: Cannot invoke "org.openqa.selenium.WebDriver.close()" because "jenkins.base.BaseClass.driver" is null
]]></failure>
    <system-out><![CDATA[java.lang.NullPointerException: Cannot invoke "org.openqa.selenium.TakesScreenshot.getScreenshotAs(org.openqa.selenium.OutputType)" because "driver" is null
Screenshot Captured: target/screenshotssearchResultTest2024-02-27T144855120591.png
]]></system-out>
  </testcase>
  <testcase name="endReport" classname="jenkins.tests.SearchTest" time="0">
    <skipped/>
  </testcase>
</testsuite>