<?xml version="1.0" encoding="UTF-8"?>
<testng-results ignored="0" total="1" passed="1" failed="0" skipped="0">
  <reporter-output>
  </reporter-output>
  <suite started-at="2020-04-03T00:56:22 EDT" name="Suite" finished-at="2020-04-03T00:56:30 EDT" duration-ms="7786">
    <groups>
    </groups>
    <test started-at="2020-04-03T00:56:22 EDT" name="Test" finished-at="2020-04-03T00:56:30 EDT" duration-ms="7786">
      <class name="jenkins.tests.GoogleTest">
        <test-method is-config="true" signature="setExtent()[pri:0, instance:jenkins.tests.GoogleTest@79e2c065]" started-at="2020-04-03T00:56:22 EDT" name="setExtent" finished-at="2020-04-03T00:56:22 EDT" duration-ms="159" status="PASS">
          <reporter-output>
          </reporter-output>
        </test-method> <!-- setExtent -->
        <test-method is-config="true" signature="setUp(java.lang.String)[pri:0, instance:jenkins.tests.GoogleTest@79e2c065]" started-at="2020-04-03T00:56:22 EDT" name="setUp" finished-at="2020-04-03T00:56:25 EDT" duration-ms="2256" status="PASS">
          <params>
            <param index="0">
              <value>
                <![CDATA[chrome]]>
              </value>
            </param>
          </params>
          <reporter-output>
          </reporter-output>
        </test-method> <!-- setUp -->
        <test-method signature="googleSearch()[pri:0, instance:jenkins.tests.GoogleTest@79e2c065]" started-at="2020-04-03T00:56:25 EDT" name="googleSearch" finished-at="2020-04-03T00:56:29 EDT" duration-ms="4838" status="PASS">
          <reporter-output>
          </reporter-output>
        </test-method> <!-- googleSearch -->
        <test-method is-config="true" signature="tearDown(org.testng.ITestResult)[pri:0, instance:jenkins.tests.GoogleTest@79e2c065]" started-at="2020-04-03T00:56:29 EDT" name="tearDown" finished-at="2020-04-03T00:56:30 EDT" duration-ms="143" status="PASS">
          <params>
            <param index="0">
              <value>
                <![CDATA[[TestResult name=googleSearch status=SUCCESS method=GoogleTest.googleSearch()[pri:0, instance:jenkins.tests.GoogleTest@79e2c065] output={null}]]]>
              </value>
            </param>
          </params>
          <reporter-output>
          </reporter-output>
        </test-method> <!-- tearDown -->
        <test-method is-config="true" signature="endReport()[pri:0, instance:jenkins.tests.GoogleTest@79e2c065]" started-at="2020-04-03T00:56:30 EDT" name="endReport" finished-at="2020-04-03T00:56:30 EDT" duration-ms="358" status="PASS">
          <reporter-output>
          </reporter-output>
        </test-method> <!-- endReport -->
      </class> <!-- jenkins.tests.GoogleTest -->
    </test> <!-- Test -->
  </suite> <!-- Suite -->
</testng-results>
