<?xml version="1.0" encoding="UTF-8"?>
<testng-results ignored="0" total="1" passed="1" failed="0" skipped="0">
  <reporter-output>
  </reporter-output>
  <suite started-at="2020-04-03T13:35:12 EDT" name="Default suite" finished-at="2020-04-03T13:35:26 EDT" duration-ms="14042">
    <groups>
    </groups>
    <test started-at="2020-04-03T13:35:12 EDT" name="Default test" finished-at="2020-04-03T13:35:26 EDT" duration-ms="14042">
      <class name="jenkins.tests.SearchTest">
        <test-method is-config="true" signature="setExtent()[pri:0, instance:jenkins.tests.SearchTest@3a93b025]" started-at="2020-04-03T13:35:12 EDT" name="setExtent" finished-at="2020-04-03T13:35:13 EDT" duration-ms="149" status="PASS">
          <reporter-output>
          </reporter-output>
        </test-method> <!-- setExtent -->
        <test-method is-config="true" signature="setUp(java.lang.String)[pri:0, instance:jenkins.tests.SearchTest@3a93b025]" started-at="2020-04-03T13:35:13 EDT" name="setUp" finished-at="2020-04-03T13:35:14 EDT" duration-ms="1781" status="PASS">
          <params>
            <param index="0">
              <value>
                <![CDATA[chrome]]>
              </value>
            </param>
          </params>
          <reporter-output>
          </reporter-output>
        </test-method> <!-- setUp -->
        <test-method signature="searchResultTest()[pri:0, instance:jenkins.tests.SearchTest@3a93b025]" started-at="2020-04-03T13:35:14 EDT" name="searchResultTest" finished-at="2020-04-03T13:35:26 EDT" duration-ms="11647" status="PASS">
          <reporter-output>
          </reporter-output>
        </test-method> <!-- searchResultTest -->
        <test-method is-config="true" signature="tearDown(org.testng.ITestResult)[pri:0, instance:jenkins.tests.SearchTest@3a93b025]" started-at="2020-04-03T13:35:26 EDT" name="tearDown" finished-at="2020-04-03T13:35:26 EDT" duration-ms="111" status="PASS">
          <params>
            <param index="0">
              <value>
                <![CDATA[[TestResult name=searchResultTest status=SUCCESS method=SearchTest.searchResultTest()[pri:0, instance:jenkins.tests.SearchTest@3a93b025] output={null}]]]>
              </value>
            </param>
          </params>
          <reporter-output>
          </reporter-output>
        </test-method> <!-- tearDown -->
        <test-method is-config="true" signature="endReport()[pri:0, instance:jenkins.tests.SearchTest@3a93b025]" started-at="2020-04-03T13:35:26 EDT" name="endReport" finished-at="2020-04-03T13:35:26 EDT" duration-ms="327" status="PASS">
          <reporter-output>
          </reporter-output>
        </test-method> <!-- endReport -->
      </class> <!-- jenkins.tests.SearchTest -->
    </test> <!-- Default test -->
  </suite> <!-- Default suite -->
</testng-results>
